<?xml version="1.0" encoding="UTF-8"?>
<testsuite name="org.tpjad.CalculateSpec" tests="1" skipped="0" failures="0" errors="0" timestamp="2022-01-17T19:18:50" hostname="DESKTOP-R0ISDS6" time="0.149">
  <properties/>
  <testcase name="calculate sum" classname="org.tpjad.CalculateSpec" time="0.149"/>
  <system-out><![CDATA[]]></system-out>
  <system-err><![CDATA[]]></system-err>
</testsuite>
