<?xml version="1.0" encoding="UTF-8"?>
<testsuite xmlns:xsi="http://www.w3.org/2001/XMLSchema-instance" xsi:noNamespaceSchemaLocation="https://maven.apache.org/surefire/maven-surefire-plugin/xsd/surefire-test-report-3.0.xsd" version="3.0" name="org.tpjad.integration.AuthIntegrationTest" time="12.374" tests="1" errors="0" skipped="0" failures="1">
  <properties>
    <property name="sun.desktop" value="windows"/>
    <property name="awt.toolkit" value="sun.awt.windows.WToolkit"/>
    <property name="file.encoding.pkg" value="sun.io"/>
    <property name="java.specification.version" value="1.8"/>
    <property name="sun.cpu.isalist" value="amd64"/>
    <property name="sun.jnu.encoding" value="Cp1252"/>
    <property name="java.class.path" value="E:\Projects\SDI\tpjad\Proiect\Ver1\target\test-classes;E:\Projects\SDI\tpjad\Proiect\Ver1\target\classes;C:\Users\hsmur\.m2\repository\org\springframework\boot\spring-boot-starter\2.1.3.RELEASE\spring-boot-starter-2.1.3.RELEASE.jar;C:\Users\hsmur\.m2\repository\org\springframework\boot\spring-boot\2.1.3.RELEASE\spring-boot-2.1.3.RELEASE.jar;C:\Users\hsmur\.m2\repository\org\springframework\spring-context\5.1.5.RELEASE\spring-context-5.1.5.RELEASE.jar;C:\Users\hsmur\.m2\repository\org\springframework\boot\spring-boot-autoconfigure\2.1.3.RELEASE\spring-boot-autoconfigure-2.1.3.RELEASE.jar;C:\Users\hsmur\.m2\repository\javax\annotation\javax.annotation-api\1.3.2\javax.annotation-api-1.3.2.jar;C:\Users\hsmur\.m2\repository\org\springframework\spring-core\5.1.5.RELEASE\spring-core-5.1.5.RELEASE.jar;C:\Users\hsmur\.m2\repository\org\springframework\spring-jcl\5.1.5.RELEASE\spring-jcl-5.1.5.RELEASE.jar;C:\Users\hsmur\.m2\repository\org\yaml\snakeyaml\1.23\snakeyaml-1.23.jar;C:\Users\hsmur\.m2\repository\org\springframework\boot\spring-boot-starter-web\2.1.3.RELEASE\spring-boot-starter-web-2.1.3.RELEASE.jar;C:\Users\hsmur\.m2\repository\org\springframework\boot\spring-boot-starter-json\2.1.3.RELEASE\spring-boot-starter-json-2.1.3.RELEASE.jar;C:\Users\hsmur\.m2\repository\com\fasterxml\jackson\datatype\jackson-datatype-jdk8\2.9.8\jackson-datatype-jdk8-2.9.8.jar;C:\Users\hsmur\.m2\repository\com\fasterxml\jackson\datatype\jackson-datatype-jsr310\2.9.8\jackson-datatype-jsr310-2.9.8.jar;C:\Users\hsmur\.m2\repository\com\fasterxml\jackson\module\jackson-module-parameter-names\2.9.8\jackson-module-parameter-names-2.9.8.jar;C:\Users\hsmur\.m2\repository\org\springframework\boot\spring-boot-starter-tomcat\2.1.3.RELEASE\spring-boot-starter-tomcat-2.1.3.RELEASE.jar;C:\Users\hsmur\.m2\repository\org\apache\tomcat\embed\tomcat-embed-core\9.0.16\tomcat-embed-core-9.0.16.jar;C:\Users\hsmur\.m2\repository\org\apache\tomcat\embed\tomcat-embed-el\9.0.16\tomcat-embed-el-9.0.16.jar;C:\Users\hsmur\.m2\repository\org\apache\tomcat\embed\tomcat-embed-websocket\9.0.16\tomcat-embed-websocket-9.0.16.jar;C:\Users\hsmur\.m2\repository\org\hibernate\validator\hibernate-validator\6.0.14.Final\hibernate-validator-6.0.14.Final.jar;C:\Users\hsmur\.m2\repository\javax\validation\validation-api\2.0.1.Final\validation-api-2.0.1.Final.jar;C:\Users\hsmur\.m2\repository\com\fasterxml\classmate\1.4.0\classmate-1.4.0.jar;C:\Users\hsmur\.m2\repository\org\springframework\spring-web\5.1.5.RELEASE\spring-web-5.1.5.RELEASE.jar;C:\Users\hsmur\.m2\repository\org\springframework\spring-beans\5.1.5.RELEASE\spring-beans-5.1.5.RELEASE.jar;C:\Users\hsmur\.m2\repository\org\springframework\spring-webmvc\5.1.5.RELEASE\spring-webmvc-5.1.5.RELEASE.jar;C:\Users\hsmur\.m2\repository\org\springframework\spring-aop\5.1.5.RELEASE\spring-aop-5.1.5.RELEASE.jar;C:\Users\hsmur\.m2\repository\org\springframework\spring-expression\5.1.5.RELEASE\spring-expression-5.1.5.RELEASE.jar;C:\Users\hsmur\.m2\repository\org\springframework\boot\spring-boot-starter-log4j2\2.1.3.RELEASE\spring-boot-starter-log4j2-2.1.3.RELEASE.jar;C:\Users\hsmur\.m2\repository\org\apache\logging\log4j\log4j-core\2.11.2\log4j-core-2.11.2.jar;C:\Users\hsmur\.m2\repository\org\apache\logging\log4j\log4j-jul\2.11.2\log4j-jul-2.11.2.jar;C:\Users\hsmur\.m2\repository\org\slf4j\jul-to-slf4j\1.7.25\jul-to-slf4j-1.7.25.jar;C:\Users\hsmur\.m2\repository\org\apache\tapestry\tapestry-core\5.7.3\tapestry-core-5.7.3.jar;C:\Users\hsmur\.m2\repository\org\apache\tapestry\tapestry-ioc\5.7.3\tapestry-ioc-5.7.3.jar;C:\Users\hsmur\.m2\repository\org\apache\tapestry\tapestry-func\5.7.3\tapestry-func-5.7.3.jar;C:\Users\hsmur\.m2\repository\org\apache\tapestry\tapestry5-annotations\5.7.3\tapestry5-annotations-5.7.3.jar;C:\Users\hsmur\.m2\repository\org\apache\tapestry\plastic\5.7.3\plastic-5.7.3.jar;C:\Users\hsmur\.m2\repository\javax\inject\javax.inject\1\javax.inject-1.jar;C:\Users\hsmur\.m2\repository\org\apache\tapestry\tapestry-json\5.7.3\tapestry-json-5.7.3.jar;C:\Users\hsmur\.m2\repository\org\apache\tapestry\beanmodel\5.7.3\beanmodel-5.7.3.jar;C:\Users\hsmur\.m2\repository\org\antlr\antlr-runtime\3.5.2\antlr-runtime-3.5.2.jar;C:\Users\hsmur\.m2\repository\org\apache\tapestry\tapestry-http\5.7.3\tapestry-http-5.7.3.jar;C:\Users\hsmur\.m2\repository\jakarta\annotation\jakarta.annotation-api\1.3.4\jakarta.annotation-api-1.3.4.jar;C:\Users\hsmur\.m2\repository\jakarta\xml\bind\jakarta.xml.bind-api\2.3.2\jakarta.xml.bind-api-2.3.2.jar;C:\Users\hsmur\.m2\repository\jakarta\activation\jakarta.activation-api\1.2.1\jakarta.activation-api-1.2.1.jar;C:\Users\hsmur\.m2\repository\org\glassfish\jaxb\jaxb-runtime\2.3.1\jaxb-runtime-2.3.1.jar;C:\Users\hsmur\.m2\repository\javax\xml\bind\jaxb-api\2.3.1\jaxb-api-2.3.1.jar;C:\Users\hsmur\.m2\repository\org\glassfish\jaxb\txw2\2.3.1\txw2-2.3.1.jar;C:\Users\hsmur\.m2\repository\com\sun\istack\istack-commons-runtime\3.0.7\istack-commons-runtime-3.0.7.jar;C:\Users\hsmur\.m2\repository\org\jvnet\staxex\stax-ex\1.8\stax-ex-1.8.jar;C:\Users\hsmur\.m2\repository\com\sun\xml\fastinfoset\FastInfoset\1.2.15\FastInfoset-1.2.15.jar;C:\Users\hsmur\.m2\repository\javax\activation\javax.activation-api\1.2.0\javax.activation-api-1.2.0.jar;C:\Users\hsmur\.m2\repository\com\sun\xml\ws\jaxws-rt\2.3.2\jaxws-rt-2.3.2.jar;C:\Users\hsmur\.m2\repository\jakarta\xml\ws\jakarta.xml.ws-api\2.3.2\jakarta.xml.ws-api-2.3.2.jar;C:\Users\hsmur\.m2\repository\jakarta\xml\soap\jakarta.xml.soap-api\1.4.1\jakarta.xml.soap-api-1.4.1.jar;C:\Users\hsmur\.m2\repository\jakarta\jws\jakarta.jws-api\1.1.1\jakarta.jws-api-1.1.1.jar;C:\Users\hsmur\.m2\repository\com\sun\xml\ws\policy\2.7.6\policy-2.7.6.jar;C:\Users\hsmur\.m2\repository\org\glassfish\gmbal\gmbal\4.0.0\gmbal-4.0.0.jar;C:\Users\hsmur\.m2\repository\org\glassfish\external\management-api\3.2.1\management-api-3.2.1.jar;C:\Users\hsmur\.m2\repository\org\glassfish\pfl\pfl-basic\4.0.1\pfl-basic-4.0.1.jar;C:\Users\hsmur\.m2\repository\org\glassfish\pfl\pfl-tf\4.0.1\pfl-tf-4.0.1.jar;C:\Users\hsmur\.m2\repository\org\glassfish\pfl\pfl-asm\4.0.1\pfl-asm-4.0.1.jar;C:\Users\hsmur\.m2\repository\org\glassfish\pfl\pfl-dynamic\4.0.1\pfl-dynamic-4.0.1.jar;C:\Users\hsmur\.m2\repository\org\glassfish\pfl\pfl-basic-tools\4.0.1\pfl-basic-tools-4.0.1.jar;C:\Users\hsmur\.m2\repository\org\glassfish\pfl\pfl-tf-tools\4.0.1\pfl-tf-tools-4.0.1.jar;C:\Users\hsmur\.m2\repository\com\sun\xml\stream\buffer\streambuffer\1.5.7\streambuffer-1.5.7.jar;C:\Users\hsmur\.m2\repository\org\jvnet\mimepull\mimepull\1.9.11\mimepull-1.9.11.jar;C:\Users\hsmur\.m2\repository\org\glassfish\ha\ha-api\3.1.12\ha-api-3.1.12.jar;C:\Users\hsmur\.m2\repository\com\sun\xml\messaging\saaj\saaj-impl\1.5.0\saaj-impl-1.5.0.jar;C:\Users\hsmur\.m2\repository\com\fasterxml\woodstox\woodstox-core\5.1.0\woodstox-core-5.1.0.jar;C:\Users\hsmur\.m2\repository\org\codehaus\woodstox\stax2-api\4.1\stax2-api-4.1.jar;C:\Users\hsmur\.m2\repository\javax\xml\ws\jaxws-api\2.3.1\jaxws-api-2.3.1.jar;C:\Users\hsmur\.m2\repository\javax\xml\soap\javax.xml.soap-api\1.4.0\javax.xml.soap-api-1.4.0.jar;C:\Users\hsmur\.m2\repository\commons-codec\commons-codec\1.11\commons-codec-1.11.jar;C:\Users\hsmur\.m2\repository\org\apache\tapestry\tapestry-webresources\5.7.3\tapestry-webresources-5.7.3.jar;C:\Users\hsmur\.m2\repository\com\github\sommeri\less4j\1.12.0\less4j-1.12.0.jar;C:\Users\hsmur\.m2\repository\commons-io\commons-io\2.3\commons-io-2.3.jar;C:\Users\hsmur\.m2\repository\commons-beanutils\commons-beanutils\1.8.3\commons-beanutils-1.8.3.jar;C:\Users\hsmur\.m2\repository\commons-logging\commons-logging\1.1.1\commons-logging-1.1.1.jar;C:\Users\hsmur\.m2\repository\org\json\json\20090211\json-20090211.jar;C:\Users\hsmur\.m2\repository\com\google\protobuf\protobuf-java\2.5.0\protobuf-java-2.5.0.jar;C:\Users\hsmur\.m2\repository\com\google\javascript\closure-compiler-unshaded\v20200504\closure-compiler-unshaded-v20200504.jar;C:\Users\hsmur\.m2\repository\com\google\javascript\closure-compiler-externs\v20200504\closure-compiler-externs-v20200504.jar;C:\Users\hsmur\.m2\repository\args4j\args4j\2.0.26\args4j-2.0.26.jar;C:\Users\hsmur\.m2\repository\com\google\errorprone\error_prone_annotations\2.3.1\error_prone_annotations-2.3.1.jar;C:\Users\hsmur\.m2\repository\com\google\code\gson\gson\2.8.5\gson-2.8.5.jar;C:\Users\hsmur\.m2\repository\com\google\code\findbugs\jsr305\3.0.1\jsr305-3.0.1.jar;C:\Users\hsmur\.m2\repository\com\google\jsinterop\jsinterop-annotations\1.0.2\jsinterop-annotations-1.0.2.jar;C:\Users\hsmur\.m2\repository\com\google\jsinterop\base\1.0.0\base-1.0.0.jar;C:\Users\hsmur\.m2\repository\com\google\elemental2\elemental2-core\1.0.0-RC1\elemental2-core-1.0.0-RC1.jar;C:\Users\hsmur\.m2\repository\com\google\re2j\re2j\1.3\re2j-1.3.jar;C:\Users\hsmur\.m2\repository\org\mozilla\rhino\1.7.7.2\rhino-1.7.7.2.jar;C:\Users\hsmur\.m2\repository\org\apache\tapestry\tapestry-hibernate\5.7.3\tapestry-hibernate-5.7.3.jar;C:\Users\hsmur\.m2\repository\org\apache\tapestry\tapestry-hibernate-core\5.7.3\tapestry-hibernate-core-5.7.3.jar;C:\Users\hsmur\.m2\repository\org\hibernate\hibernate-core\5.3.7.Final\hibernate-core-5.3.7.Final.jar;C:\Users\hsmur\.m2\repository\javax\persistence\javax.persistence-api\2.2\javax.persistence-api-2.2.jar;C:\Users\hsmur\.m2\repository\org\javassist\javassist\3.23.1-GA\javassist-3.23.1-GA.jar;C:\Users\hsmur\.m2\repository\antlr\antlr\2.7.7\antlr-2.7.7.jar;C:\Users\hsmur\.m2\repository\org\jboss\spec\javax\transaction\jboss-transaction-api_1.2_spec\1.1.1.Final\jboss-transaction-api_1.2_spec-1.1.1.Final.jar;C:\Users\hsmur\.m2\repository\org\jboss\jandex\2.0.5.Final\jandex-2.0.5.Final.jar;C:\Users\hsmur\.m2\repository\org\dom4j\dom4j\2.1.1\dom4j-2.1.1.jar;C:\Users\hsmur\.m2\repository\org\hibernate\common\hibernate-commons-annotations\5.0.4.Final\hibernate-commons-annotations-5.0.4.Final.jar;C:\Users\hsmur\.m2\repository\org\jboss\logging\jboss-logging\3.3.2.Final\jboss-logging-3.3.2.Final.jar;C:\Users\hsmur\.m2\repository\org\mariadb\jdbc\mariadb-java-client\1.5.7\mariadb-java-client-1.5.7.jar;C:\Users\hsmur\.m2\repository\org\tynamo\tapestry-security\0.9.0\tapestry-security-0.9.0.jar;C:\Users\hsmur\.m2\repository\org\apache\shiro\shiro-web\1.7.1\shiro-web-1.7.1.jar;C:\Users\hsmur\.m2\repository\org\apache\shiro\shiro-core\1.7.1\shiro-core-1.7.1.jar;C:\Users\hsmur\.m2\repository\org\apache\shiro\shiro-lang\1.7.1\shiro-lang-1.7.1.jar;C:\Users\hsmur\.m2\repository\org\apache\shiro\shiro-cache\1.7.1\shiro-cache-1.7.1.jar;C:\Users\hsmur\.m2\repository\org\apache\shiro\shiro-crypto-hash\1.7.1\shiro-crypto-hash-1.7.1.jar;C:\Users\hsmur\.m2\repository\org\apache\shiro\shiro-crypto-core\1.7.1\shiro-crypto-core-1.7.1.jar;C:\Users\hsmur\.m2\repository\org\apache\shiro\shiro-crypto-cipher\1.7.1\shiro-crypto-cipher-1.7.1.jar;C:\Users\hsmur\.m2\repository\org\apache\shiro\shiro-config-core\1.7.1\shiro-config-core-1.7.1.jar;C:\Users\hsmur\.m2\repository\org\apache\shiro\shiro-config-ogdl\1.7.1\shiro-config-ogdl-1.7.1.jar;C:\Users\hsmur\.m2\repository\org\apache\shiro\shiro-event\1.7.1\shiro-event-1.7.1.jar;C:\Users\hsmur\.m2\repository\org\owasp\encoder\encoder\1.2.2\encoder-1.2.2.jar;C:\Users\hsmur\.m2\repository\org\apache\tapestry\commons\5.7.2\commons-5.7.2.jar;C:\Users\hsmur\.m2\repository\org\tynamo\tynamo-common\0.0.3\tynamo-common-0.0.3.jar;C:\Users\hsmur\.m2\repository\org\apache\tapestry\tapestry-test\5.7.3\tapestry-test-5.7.3.jar;C:\Users\hsmur\.m2\repository\org\apache\tapestry\tapestry-test-data\5.7.3\tapestry-test-data-5.7.3.jar;C:\Users\hsmur\.m2\repository\org\apache\tapestry\tapestry-runner\5.7.3\tapestry-runner-5.7.3.jar;C:\Users\hsmur\.m2\repository\org\apache\tapestry\tapestry-test-constants\5.7.3\tapestry-test-constants-5.7.3.jar;C:\Users\hsmur\.m2\repository\org\eclipse\jetty\jetty-server\9.4.14.v20181114\jetty-server-9.4.14.v20181114.jar;C:\Users\hsmur\.m2\repository\org\eclipse\jetty\jetty-http\9.4.14.v20181114\jetty-http-9.4.14.v20181114.jar;C:\Users\hsmur\.m2\repository\org\eclipse\jetty\jetty-io\9.4.14.v20181114\jetty-io-9.4.14.v20181114.jar;C:\Users\hsmur\.m2\repository\org\eclipse\jetty\jetty-jndi\9.4.14.v20181114\jetty-jndi-9.4.14.v20181114.jar;C:\Users\hsmur\.m2\repository\org\eclipse\jetty\jetty-util\9.4.14.v20181114\jetty-util-9.4.14.v20181114.jar;C:\Users\hsmur\.m2\repository\org\eclipse\jetty\jetty-plus\9.4.14.v20181114\jetty-plus-9.4.14.v20181114.jar;C:\Users\hsmur\.m2\repository\org\eclipse\jetty\jetty-webapp\9.4.14.v20181114\jetty-webapp-9.4.14.v20181114.jar;C:\Users\hsmur\.m2\repository\org\eclipse\jetty\jetty-xml\9.4.14.v20181114\jetty-xml-9.4.14.v20181114.jar;C:\Users\hsmur\.m2\repository\org\eclipse\jetty\jetty-servlet\9.4.14.v20181114\jetty-servlet-9.4.14.v20181114.jar;C:\Users\hsmur\.m2\repository\org\eclipse\jetty\jetty-security\9.4.14.v20181114\jetty-security-9.4.14.v20181114.jar;C:\Users\hsmur\.m2\repository\org\apache\tomcat\tomcat-catalina\7.0.70\tomcat-catalina-7.0.70.jar;C:\Users\hsmur\.m2\repository\org\apache\tomcat\tomcat-servlet-api\7.0.70\tomcat-servlet-api-7.0.70.jar;C:\Users\hsmur\.m2\repository\org\apache\tomcat\tomcat-juli\7.0.70\tomcat-juli-7.0.70.jar;C:\Users\hsmur\.m2\repository\org\apache\tomcat\tomcat-annotations-api\9.0.16\tomcat-annotations-api-9.0.16.jar;C:\Users\hsmur\.m2\repository\org\apache\tomcat\tomcat-api\7.0.70\tomcat-api-7.0.70.jar;C:\Users\hsmur\.m2\repository\org\apache\tomcat\tomcat-util\7.0.70\tomcat-util-7.0.70.jar;C:\Users\hsmur\.m2\repository\org\apache\tomcat\tomcat-coyote\7.0.70\tomcat-coyote-7.0.70.jar;C:\Users\hsmur\.m2\repository\org\apache\tomcat\tomcat-dbcp\7.0.70\tomcat-dbcp-7.0.70.jar;C:\Users\hsmur\.m2\repository\commons-cli\commons-cli\1.2\commons-cli-1.2.jar;C:\Users\hsmur\.m2\repository\org\apache\tomcat\tomcat-jasper\7.0.70\tomcat-jasper-7.0.70.jar;C:\Users\hsmur\.m2\repository\org\apache\tomcat\tomcat-jsp-api\9.0.16\tomcat-jsp-api-9.0.16.jar;C:\Users\hsmur\.m2\repository\org\apache\tomcat\tomcat-el-api\7.0.70\tomcat-el-api-7.0.70.jar;C:\Users\hsmur\.m2\repository\org\eclipse\jdt\core\compiler\ecj\4.4.2\ecj-4.4.2.jar;C:\Users\hsmur\.m2\repository\org\apache\tomcat\tomcat-jasper-el\7.0.70\tomcat-jasper-el-7.0.70.jar;C:\Users\hsmur\.m2\repository\io\github\bonigarcia\webdrivermanager\2.2.4\webdrivermanager-2.2.4.jar;C:\Users\hsmur\.m2\repository\org\apache\commons\commons-lang3\3.8.1\commons-lang3-3.8.1.jar;C:\Users\hsmur\.m2\repository\org\apache\httpcomponents\httpclient\4.5.7\httpclient-4.5.7.jar;C:\Users\hsmur\.m2\repository\org\rauschig\jarchivelib\0.8.0\jarchivelib-0.8.0.jar;C:\Users\hsmur\.m2\repository\org\apache\commons\commons-compress\1.14\commons-compress-1.14.jar;C:\Users\hsmur\.m2\repository\org\jsoup\jsoup\1.11.3\jsoup-1.11.3.jar;C:\Users\hsmur\.m2\repository\org\seleniumhq\selenium\selenium-leg-rc\3.141.59\selenium-leg-rc-3.141.59.jar;C:\Users\hsmur\.m2\repository\org\seleniumhq\selenium\selenium-chrome-driver\3.14.0\selenium-chrome-driver-3.14.0.jar;C:\Users\hsmur\.m2\repository\org\seleniumhq\selenium\selenium-edge-driver\3.14.0\selenium-edge-driver-3.14.0.jar;C:\Users\hsmur\.m2\repository\org\seleniumhq\selenium\selenium-firefox-driver\3.14.0\selenium-firefox-driver-3.14.0.jar;C:\Users\hsmur\.m2\repository\org\seleniumhq\selenium\selenium-ie-driver\3.14.0\selenium-ie-driver-3.14.0.jar;C:\Users\hsmur\.m2\repository\org\seleniumhq\selenium\selenium-opera-driver\3.14.0\selenium-opera-driver-3.14.0.jar;C:\Users\hsmur\.m2\repository\org\seleniumhq\selenium\selenium-safari-driver\3.14.0\selenium-safari-driver-3.14.0.jar;C:\Users\hsmur\.m2\repository\org\apache\ant\ant\1.9.9\ant-1.9.9.jar;C:\Users\hsmur\.m2\repository\org\apache\ant\ant-launcher\1.9.9\ant-launcher-1.9.9.jar;C:\Users\hsmur\.m2\repository\com\beust\jcommander\1.72\jcommander-1.72.jar;C:\Users\hsmur\.m2\repository\org\testng\testng\6.8.21\testng-6.8.21.jar;C:\Users\hsmur\.m2\repository\org\beanshell\bsh\2.0b4\bsh-2.0b4.jar;C:\Users\hsmur\.m2\repository\org\easymock\easymock\3.3.1\easymock-3.3.1.jar;C:\Users\hsmur\.m2\repository\cglib\cglib\3.1\cglib-3.1.jar;C:\Users\hsmur\.m2\repository\org\ow2\asm\asm\5.0.3\asm-5.0.3.jar;C:\Users\hsmur\.m2\repository\org\objenesis\objenesis\2.1\objenesis-2.1.jar;C:\Users\hsmur\.m2\repository\net\sourceforge\tapestrytestify\tapestry-testify\1.0.4\tapestry-testify-1.0.4.jar;C:\Users\hsmur\.m2\repository\org\testng\testng\5.8\testng-5.8-jdk15.jar;C:\Users\hsmur\.m2\repository\net\sourceforge\tapestryxpath\tapestry-xpath\1.0.1\tapestry-xpath-1.0.1.jar;C:\Users\hsmur\.m2\repository\jaxen\jaxen\1.1.6\jaxen-1.1.6.jar;C:\Users\hsmur\.m2\repository\org\spockframework\spock-core\1.3-RC1-groovy-2.5\spock-core-1.3-RC1-groovy-2.5.jar;C:\Users\hsmur\.m2\repository\org\codehaus\groovy\groovy\2.5.6\groovy-2.5.6.jar;C:\Users\hsmur\.m2\repository\org\codehaus\groovy\groovy-json\2.5.6\groovy-json-2.5.6.jar;C:\Users\hsmur\.m2\repository\org\codehaus\groovy\groovy-nio\2.5.6\groovy-nio-2.5.6.jar;C:\Users\hsmur\.m2\repository\org\codehaus\groovy\groovy-macro\2.5.6\groovy-macro-2.5.6.jar;C:\Users\hsmur\.m2\repository\org\codehaus\groovy\groovy-templates\2.5.6\groovy-templates-2.5.6.jar;C:\Users\hsmur\.m2\repository\org\codehaus\groovy\groovy-test\2.5.6\groovy-test-2.5.6.jar;C:\Users\hsmur\.m2\repository\org\codehaus\groovy\groovy-sql\2.5.6\groovy-sql-2.5.6.jar;C:\Users\hsmur\.m2\repository\org\codehaus\groovy\groovy-xml\2.5.6\groovy-xml-2.5.6.jar;C:\Users\hsmur\.m2\repository\junit\junit\4.12\junit-4.12.jar;C:\Users\hsmur\.m2\repository\org\spockframework\spock-spring\1.3-RC1-groovy-2.5\spock-spring-1.3-RC1-groovy-2.5.jar;C:\Users\hsmur\.m2\repository\org\springframework\boot\spring-boot-starter-test\2.1.3.RELEASE\spring-boot-starter-test-2.1.3.RELEASE.jar;C:\Users\hsmur\.m2\repository\org\springframework\boot\spring-boot-test\2.1.3.RELEASE\spring-boot-test-2.1.3.RELEASE.jar;C:\Users\hsmur\.m2\repository\org\springframework\boot\spring-boot-test-autoconfigure\2.1.3.RELEASE\spring-boot-test-autoconfigure-2.1.3.RELEASE.jar;C:\Users\hsmur\.m2\repository\com\jayway\jsonpath\json-path\2.4.0\json-path-2.4.0.jar;C:\Users\hsmur\.m2\repository\net\minidev\json-smart\2.3\json-smart-2.3.jar;C:\Users\hsmur\.m2\repository\net\minidev\accessors-smart\1.2\accessors-smart-1.2.jar;C:\Users\hsmur\.m2\repository\org\assertj\assertj-core\3.11.1\assertj-core-3.11.1.jar;C:\Users\hsmur\.m2\repository\org\mockito\mockito-core\2.23.4\mockito-core-2.23.4.jar;C:\Users\hsmur\.m2\repository\net\bytebuddy\byte-buddy-agent\1.9.10\byte-buddy-agent-1.9.10.jar;C:\Users\hsmur\.m2\repository\org\hamcrest\hamcrest-core\1.3\hamcrest-core-1.3.jar;C:\Users\hsmur\.m2\repository\org\hamcrest\hamcrest-library\1.3\hamcrest-library-1.3.jar;C:\Users\hsmur\.m2\repository\org\skyscreamer\jsonassert\1.5.0\jsonassert-1.5.0.jar;C:\Users\hsmur\.m2\repository\com\vaadin\external\google\android-json\0.0.20131108.vaadin1\android-json-0.0.20131108.vaadin1.jar;C:\Users\hsmur\.m2\repository\org\springframework\spring-test\5.1.5.RELEASE\spring-test-5.1.5.RELEASE.jar;C:\Users\hsmur\.m2\repository\org\xmlunit\xmlunit-core\2.6.2\xmlunit-core-2.6.2.jar;C:\Users\hsmur\.m2\repository\org\gebish\geb-spock\2.3.1\geb-spock-2.3.1.jar;C:\Users\hsmur\.m2\repository\org\codehaus\groovy\groovy-all\2.4.16\groovy-all-2.4.16.jar;C:\Users\hsmur\.m2\repository\org\gebish\geb-core\2.3.1\geb-core-2.3.1.jar;C:\Users\hsmur\.m2\repository\org\gebish\geb-ast\2.3.1\geb-ast-2.3.1.jar;C:\Users\hsmur\.m2\repository\org\gebish\geb-waiting\2.3.1\geb-waiting-2.3.1.jar;C:\Users\hsmur\.m2\repository\org\gebish\geb-implicit-assertions\2.3.1\geb-implicit-assertions-2.3.1.jar;C:\Users\hsmur\.m2\repository\org\gebish\geb-exceptions\2.3.1\geb-exceptions-2.3.1.jar;C:\Users\hsmur\.m2\repository\org\jodd\jodd-lagarto\3.7.1\jodd-lagarto-3.7.1.jar;C:\Users\hsmur\.m2\repository\org\jodd\jodd-core\3.7.1\jodd-core-3.7.1.jar;C:\Users\hsmur\.m2\repository\org\jodd\jodd-log\3.7.1\jodd-log-3.7.1.jar;C:\Users\hsmur\.m2\repository\org\threeten\threeten-extra\1.4\threeten-extra-1.4.jar;C:\Users\hsmur\.m2\repository\org\seleniumhq\selenium\selenium-support\3.141.59\selenium-support-3.141.59.jar;C:\Users\hsmur\.m2\repository\org\seleniumhq\selenium\selenium-api\3.14.0\selenium-api-3.14.0.jar;C:\Users\hsmur\.m2\repository\org\seleniumhq\selenium\selenium-remote-driver\3.14.0\selenium-remote-driver-3.14.0.jar;C:\Users\hsmur\.m2\repository\org\apache\httpcomponents\httpcore\4.4.11\httpcore-4.4.11.jar;C:\Users\hsmur\.m2\repository\net\bytebuddy\byte-buddy\1.9.10\byte-buddy-1.9.10.jar;C:\Users\hsmur\.m2\repository\org\apache\commons\commons-exec\1.3\commons-exec-1.3.jar;C:\Users\hsmur\.m2\repository\com\google\guava\guava\25.0-jre\guava-25.0-jre.jar;C:\Users\hsmur\.m2\repository\org\checkerframework\checker-compat-qual\2.0.0\checker-compat-qual-2.0.0.jar;C:\Users\hsmur\.m2\repository\com\google\j2objc\j2objc-annotations\1.1\j2objc-annotations-1.1.jar;C:\Users\hsmur\.m2\repository\org\codehaus\mojo\animal-sniffer-annotations\1.14\animal-sniffer-annotations-1.14.jar;C:\Users\hsmur\.m2\repository\com\squareup\okhttp3\okhttp\3.11.0\okhttp-3.11.0.jar;C:\Users\hsmur\.m2\repository\com\squareup\okio\okio\1.14.0\okio-1.14.0.jar;C:\Users\hsmur\.m2\repository\org\seleniumhq\selenium\htmlunit-driver\2.33.3\htmlunit-driver-2.33.3.jar;C:\Users\hsmur\.m2\repository\net\sourceforge\htmlunit\htmlunit\2.33\htmlunit-2.33.jar;C:\Users\hsmur\.m2\repository\xalan\xalan\2.7.2\xalan-2.7.2.jar;C:\Users\hsmur\.m2\repository\xalan\serializer\2.7.2\serializer-2.7.2.jar;C:\Users\hsmur\.m2\repository\org\apache\commons\commons-text\1.4\commons-text-1.4.jar;C:\Users\hsmur\.m2\repository\org\apache\httpcomponents\httpmime\4.5.7\httpmime-4.5.7.jar;C:\Users\hsmur\.m2\repository\net\sourceforge\htmlunit\htmlunit-core-js\2.33\htmlunit-core-js-2.33.jar;C:\Users\hsmur\.m2\repository\net\sourceforge\htmlunit\neko-htmlunit\2.33\neko-htmlunit-2.33.jar;C:\Users\hsmur\.m2\repository\xerces\xercesImpl\2.12.0\xercesImpl-2.12.0.jar;C:\Users\hsmur\.m2\repository\xml-apis\xml-apis\1.4.01\xml-apis-1.4.01.jar;C:\Users\hsmur\.m2\repository\net\sourceforge\htmlunit\htmlunit-cssparser\1.2.0\htmlunit-cssparser-1.2.0.jar;C:\Users\hsmur\.m2\repository\commons-net\commons-net\3.6\commons-net-3.6.jar;C:\Users\hsmur\.m2\repository\org\eclipse\jetty\websocket\websocket-client\9.4.14.v20181114\websocket-client-9.4.14.v20181114.jar;C:\Users\hsmur\.m2\repository\org\eclipse\jetty\jetty-client\9.4.14.v20181114\jetty-client-9.4.14.v20181114.jar;C:\Users\hsmur\.m2\repository\org\eclipse\jetty\websocket\websocket-common\9.4.14.v20181114\websocket-common-9.4.14.v20181114.jar;C:\Users\hsmur\.m2\repository\org\eclipse\jetty\websocket\websocket-api\9.4.14.v20181114\websocket-api-9.4.14.v20181114.jar;C:\Users\hsmur\.m2\repository\org\apache\logging\log4j\log4j-slf4j-impl\2.11.2\log4j-slf4j-impl-2.11.2.jar;C:\Users\hsmur\.m2\repository\org\slf4j\slf4j-api\1.7.25\slf4j-api-1.7.25.jar;C:\Users\hsmur\.m2\repository\org\apache\logging\log4j\log4j-api\2.11.2\log4j-api-2.11.2.jar;C:\Users\hsmur\.m2\repository\org\eclipse\yasson\1.0.1\yasson-1.0.1.jar;C:\Users\hsmur\.m2\repository\javax\json\bind\javax.json.bind-api\1.0\javax.json.bind-api-1.0.jar;C:\Users\hsmur\.m2\repository\javax\json\javax.json-api\1.1.4\javax.json-api-1.1.4.jar;C:\Users\hsmur\.m2\repository\javax\enterprise\cdi-api\2.0\cdi-api-2.0.jar;C:\Users\hsmur\.m2\repository\javax\el\javax.el-api\3.0.0\javax.el-api-3.0.0.jar;C:\Users\hsmur\.m2\repository\javax\interceptor\javax.interceptor-api\1.2\javax.interceptor-api-1.2.jar;C:\Users\hsmur\.m2\repository\org\glassfish\javax.json\1.1.2\javax.json-1.1.2.jar;C:\Users\hsmur\.m2\repository\com\fasterxml\jackson\core\jackson-databind\2.9.6\jackson-databind-2.9.6.jar;C:\Users\hsmur\.m2\repository\com\fasterxml\jackson\core\jackson-annotations\2.9.0\jackson-annotations-2.9.0.jar;C:\Users\hsmur\.m2\repository\com\fasterxml\jackson\core\jackson-core\2.9.8\jackson-core-2.9.8.jar;C:\Users\hsmur\.m2\repository\com\fasterxml\jackson\dataformat\jackson-dataformat-yaml\2.9.6\jackson-dataformat-yaml-2.9.6.jar;C:\Users\hsmur\.m2\repository\javax\servlet\javax.servlet-api\3.0.1\javax.servlet-api-3.0.1.jar;"/>
    <property name="java.vm.vendor" value="Oracle Corporation"/>
    <property name="sun.arch.data.model" value="64"/>
    <property name="user.variant" value=""/>
    <property name="java.vendor.url" value="http://java.oracle.com/"/>
    <property name="user.timezone" value="Europe/Athens"/>
    <property name="java.vm.specification.version" value="1.8"/>
    <property name="os.name" value="Windows 10"/>
    <property name="user.country" value="GB"/>
    <property name="sun.java.launcher" value="SUN_STANDARD"/>
    <property name="sun.boot.library.path" value="C:\Program Files\Java\jdk1.8.0_311\jre\bin"/>
    <property name="sun.java.command" value="C:\Users\hsmur\AppData\Local\Temp\surefire3866317436436273294\surefirebooter2685318807043382764.jar C:\Users\hsmur\AppData\Local\Temp\surefire3866317436436273294 2022-01-25T23-06-47_643-jvmRun1 surefire5340280743282873006tmp surefire_02102757853149227280tmp"/>
    <property name="surefire.test.class.path" value="E:\Projects\SDI\tpjad\Proiect\Ver1\target\test-classes;E:\Projects\SDI\tpjad\Proiect\Ver1\target\classes;C:\Users\hsmur\.m2\repository\org\springframework\boot\spring-boot-starter\2.1.3.RELEASE\spring-boot-starter-2.1.3.RELEASE.jar;C:\Users\hsmur\.m2\repository\org\springframework\boot\spring-boot\2.1.3.RELEASE\spring-boot-2.1.3.RELEASE.jar;C:\Users\hsmur\.m2\repository\org\springframework\spring-context\5.1.5.RELEASE\spring-context-5.1.5.RELEASE.jar;C:\Users\hsmur\.m2\repository\org\springframework\boot\spring-boot-autoconfigure\2.1.3.RELEASE\spring-boot-autoconfigure-2.1.3.RELEASE.jar;C:\Users\hsmur\.m2\repository\javax\annotation\javax.annotation-api\1.3.2\javax.annotation-api-1.3.2.jar;C:\Users\hsmur\.m2\repository\org\springframework\spring-core\5.1.5.RELEASE\spring-core-5.1.5.RELEASE.jar;C:\Users\hsmur\.m2\repository\org\springframework\spring-jcl\5.1.5.RELEASE\spring-jcl-5.1.5.RELEASE.jar;C:\Users\hsmur\.m2\repository\org\yaml\snakeyaml\1.23\snakeyaml-1.23.jar;C:\Users\hsmur\.m2\repository\org\springframework\boot\spring-boot-starter-web\2.1.3.RELEASE\spring-boot-starter-web-2.1.3.RELEASE.jar;C:\Users\hsmur\.m2\repository\org\springframework\boot\spring-boot-starter-json\2.1.3.RELEASE\spring-boot-starter-json-2.1.3.RELEASE.jar;C:\Users\hsmur\.m2\repository\com\fasterxml\jackson\datatype\jackson-datatype-jdk8\2.9.8\jackson-datatype-jdk8-2.9.8.jar;C:\Users\hsmur\.m2\repository\com\fasterxml\jackson\datatype\jackson-datatype-jsr310\2.9.8\jackson-datatype-jsr310-2.9.8.jar;C:\Users\hsmur\.m2\repository\com\fasterxml\jackson\module\jackson-module-parameter-names\2.9.8\jackson-module-parameter-names-2.9.8.jar;C:\Users\hsmur\.m2\repository\org\springframework\boot\spring-boot-starter-tomcat\2.1.3.RELEASE\spring-boot-starter-tomcat-2.1.3.RELEASE.jar;C:\Users\hsmur\.m2\repository\org\apache\tomcat\embed\tomcat-embed-core\9.0.16\tomcat-embed-core-9.0.16.jar;C:\Users\hsmur\.m2\repository\org\apache\tomcat\embed\tomcat-embed-el\9.0.16\tomcat-embed-el-9.0.16.jar;C:\Users\hsmur\.m2\repository\org\apache\tomcat\embed\tomcat-embed-websocket\9.0.16\tomcat-embed-websocket-9.0.16.jar;C:\Users\hsmur\.m2\repository\org\hibernate\validator\hibernate-validator\6.0.14.Final\hibernate-validator-6.0.14.Final.jar;C:\Users\hsmur\.m2\repository\javax\validation\validation-api\2.0.1.Final\validation-api-2.0.1.Final.jar;C:\Users\hsmur\.m2\repository\com\fasterxml\classmate\1.4.0\classmate-1.4.0.jar;C:\Users\hsmur\.m2\repository\org\springframework\spring-web\5.1.5.RELEASE\spring-web-5.1.5.RELEASE.jar;C:\Users\hsmur\.m2\repository\org\springframework\spring-beans\5.1.5.RELEASE\spring-beans-5.1.5.RELEASE.jar;C:\Users\hsmur\.m2\repository\org\springframework\spring-webmvc\5.1.5.RELEASE\spring-webmvc-5.1.5.RELEASE.jar;C:\Users\hsmur\.m2\repository\org\springframework\spring-aop\5.1.5.RELEASE\spring-aop-5.1.5.RELEASE.jar;C:\Users\hsmur\.m2\repository\org\springframework\spring-expression\5.1.5.RELEASE\spring-expression-5.1.5.RELEASE.jar;C:\Users\hsmur\.m2\repository\org\springframework\boot\spring-boot-starter-log4j2\2.1.3.RELEASE\spring-boot-starter-log4j2-2.1.3.RELEASE.jar;C:\Users\hsmur\.m2\repository\org\apache\logging\log4j\log4j-core\2.11.2\log4j-core-2.11.2.jar;C:\Users\hsmur\.m2\repository\org\apache\logging\log4j\log4j-jul\2.11.2\log4j-jul-2.11.2.jar;C:\Users\hsmur\.m2\repository\org\slf4j\jul-to-slf4j\1.7.25\jul-to-slf4j-1.7.25.jar;C:\Users\hsmur\.m2\repository\org\apache\tapestry\tapestry-core\5.7.3\tapestry-core-5.7.3.jar;C:\Users\hsmur\.m2\repository\org\apache\tapestry\tapestry-ioc\5.7.3\tapestry-ioc-5.7.3.jar;C:\Users\hsmur\.m2\repository\org\apache\tapestry\tapestry-func\5.7.3\tapestry-func-5.7.3.jar;C:\Users\hsmur\.m2\repository\org\apache\tapestry\tapestry5-annotations\5.7.3\tapestry5-annotations-5.7.3.jar;C:\Users\hsmur\.m2\repository\org\apache\tapestry\plastic\5.7.3\plastic-5.7.3.jar;C:\Users\hsmur\.m2\repository\javax\inject\javax.inject\1\javax.inject-1.jar;C:\Users\hsmur\.m2\repository\org\apache\tapestry\tapestry-json\5.7.3\tapestry-json-5.7.3.jar;C:\Users\hsmur\.m2\repository\org\apache\tapestry\beanmodel\5.7.3\beanmodel-5.7.3.jar;C:\Users\hsmur\.m2\repository\org\antlr\antlr-runtime\3.5.2\antlr-runtime-3.5.2.jar;C:\Users\hsmur\.m2\repository\org\apache\tapestry\tapestry-http\5.7.3\tapestry-http-5.7.3.jar;C:\Users\hsmur\.m2\repository\jakarta\annotation\jakarta.annotation-api\1.3.4\jakarta.annotation-api-1.3.4.jar;C:\Users\hsmur\.m2\repository\jakarta\xml\bind\jakarta.xml.bind-api\2.3.2\jakarta.xml.bind-api-2.3.2.jar;C:\Users\hsmur\.m2\repository\jakarta\activation\jakarta.activation-api\1.2.1\jakarta.activation-api-1.2.1.jar;C:\Users\hsmur\.m2\repository\org\glassfish\jaxb\jaxb-runtime\2.3.1\jaxb-runtime-2.3.1.jar;C:\Users\hsmur\.m2\repository\javax\xml\bind\jaxb-api\2.3.1\jaxb-api-2.3.1.jar;C:\Users\hsmur\.m2\repository\org\glassfish\jaxb\txw2\2.3.1\txw2-2.3.1.jar;C:\Users\hsmur\.m2\repository\com\sun\istack\istack-commons-runtime\3.0.7\istack-commons-runtime-3.0.7.jar;C:\Users\hsmur\.m2\repository\org\jvnet\staxex\stax-ex\1.8\stax-ex-1.8.jar;C:\Users\hsmur\.m2\repository\com\sun\xml\fastinfoset\FastInfoset\1.2.15\FastInfoset-1.2.15.jar;C:\Users\hsmur\.m2\repository\javax\activation\javax.activation-api\1.2.0\javax.activation-api-1.2.0.jar;C:\Users\hsmur\.m2\repository\com\sun\xml\ws\jaxws-rt\2.3.2\jaxws-rt-2.3.2.jar;C:\Users\hsmur\.m2\repository\jakarta\xml\ws\jakarta.xml.ws-api\2.3.2\jakarta.xml.ws-api-2.3.2.jar;C:\Users\hsmur\.m2\repository\jakarta\xml\soap\jakarta.xml.soap-api\1.4.1\jakarta.xml.soap-api-1.4.1.jar;C:\Users\hsmur\.m2\repository\jakarta\jws\jakarta.jws-api\1.1.1\jakarta.jws-api-1.1.1.jar;C:\Users\hsmur\.m2\repository\com\sun\xml\ws\policy\2.7.6\policy-2.7.6.jar;C:\Users\hsmur\.m2\repository\org\glassfish\gmbal\gmbal\4.0.0\gmbal-4.0.0.jar;C:\Users\hsmur\.m2\repository\org\glassfish\external\management-api\3.2.1\management-api-3.2.1.jar;C:\Users\hsmur\.m2\repository\org\glassfish\pfl\pfl-basic\4.0.1\pfl-basic-4.0.1.jar;C:\Users\hsmur\.m2\repository\org\glassfish\pfl\pfl-tf\4.0.1\pfl-tf-4.0.1.jar;C:\Users\hsmur\.m2\repository\org\glassfish\pfl\pfl-asm\4.0.1\pfl-asm-4.0.1.jar;C:\Users\hsmur\.m2\repository\org\glassfish\pfl\pfl-dynamic\4.0.1\pfl-dynamic-4.0.1.jar;C:\Users\hsmur\.m2\repository\org\glassfish\pfl\pfl-basic-tools\4.0.1\pfl-basic-tools-4.0.1.jar;C:\Users\hsmur\.m2\repository\org\glassfish\pfl\pfl-tf-tools\4.0.1\pfl-tf-tools-4.0.1.jar;C:\Users\hsmur\.m2\repository\com\sun\xml\stream\buffer\streambuffer\1.5.7\streambuffer-1.5.7.jar;C:\Users\hsmur\.m2\repository\org\jvnet\mimepull\mimepull\1.9.11\mimepull-1.9.11.jar;C:\Users\hsmur\.m2\repository\org\glassfish\ha\ha-api\3.1.12\ha-api-3.1.12.jar;C:\Users\hsmur\.m2\repository\com\sun\xml\messaging\saaj\saaj-impl\1.5.0\saaj-impl-1.5.0.jar;C:\Users\hsmur\.m2\repository\com\fasterxml\woodstox\woodstox-core\5.1.0\woodstox-core-5.1.0.jar;C:\Users\hsmur\.m2\repository\org\codehaus\woodstox\stax2-api\4.1\stax2-api-4.1.jar;C:\Users\hsmur\.m2\repository\javax\xml\ws\jaxws-api\2.3.1\jaxws-api-2.3.1.jar;C:\Users\hsmur\.m2\repository\javax\xml\soap\javax.xml.soap-api\1.4.0\javax.xml.soap-api-1.4.0.jar;C:\Users\hsmur\.m2\repository\commons-codec\commons-codec\1.11\commons-codec-1.11.jar;C:\Users\hsmur\.m2\repository\org\apache\tapestry\tapestry-webresources\5.7.3\tapestry-webresources-5.7.3.jar;C:\Users\hsmur\.m2\repository\com\github\sommeri\less4j\1.12.0\less4j-1.12.0.jar;C:\Users\hsmur\.m2\repository\commons-io\commons-io\2.3\commons-io-2.3.jar;C:\Users\hsmur\.m2\repository\commons-beanutils\commons-beanutils\1.8.3\commons-beanutils-1.8.3.jar;C:\Users\hsmur\.m2\repository\commons-logging\commons-logging\1.1.1\commons-logging-1.1.1.jar;C:\Users\hsmur\.m2\repository\org\json\json\20090211\json-20090211.jar;C:\Users\hsmur\.m2\repository\com\google\protobuf\protobuf-java\2.5.0\protobuf-java-2.5.0.jar;C:\Users\hsmur\.m2\repository\com\google\javascript\closure-compiler-unshaded\v20200504\closure-compiler-unshaded-v20200504.jar;C:\Users\hsmur\.m2\repository\com\google\javascript\closure-compiler-externs\v20200504\closure-compiler-externs-v20200504.jar;C:\Users\hsmur\.m2\repository\args4j\args4j\2.0.26\args4j-2.0.26.jar;C:\Users\hsmur\.m2\repository\com\google\errorprone\error_prone_annotations\2.3.1\error_prone_annotations-2.3.1.jar;C:\Users\hsmur\.m2\repository\com\google\code\gson\gson\2.8.5\gson-2.8.5.jar;C:\Users\hsmur\.m2\repository\com\google\code\findbugs\jsr305\3.0.1\jsr305-3.0.1.jar;C:\Users\hsmur\.m2\repository\com\google\jsinterop\jsinterop-annotations\1.0.2\jsinterop-annotations-1.0.2.jar;C:\Users\hsmur\.m2\repository\com\google\jsinterop\base\1.0.0\base-1.0.0.jar;C:\Users\hsmur\.m2\repository\com\google\elemental2\elemental2-core\1.0.0-RC1\elemental2-core-1.0.0-RC1.jar;C:\Users\hsmur\.m2\repository\com\google\re2j\re2j\1.3\re2j-1.3.jar;C:\Users\hsmur\.m2\repository\org\mozilla\rhino\1.7.7.2\rhino-1.7.7.2.jar;C:\Users\hsmur\.m2\repository\org\apache\tapestry\tapestry-hibernate\5.7.3\tapestry-hibernate-5.7.3.jar;C:\Users\hsmur\.m2\repository\org\apache\tapestry\tapestry-hibernate-core\5.7.3\tapestry-hibernate-core-5.7.3.jar;C:\Users\hsmur\.m2\repository\org\hibernate\hibernate-core\5.3.7.Final\hibernate-core-5.3.7.Final.jar;C:\Users\hsmur\.m2\repository\javax\persistence\javax.persistence-api\2.2\javax.persistence-api-2.2.jar;C:\Users\hsmur\.m2\repository\org\javassist\javassist\3.23.1-GA\javassist-3.23.1-GA.jar;C:\Users\hsmur\.m2\repository\antlr\antlr\2.7.7\antlr-2.7.7.jar;C:\Users\hsmur\.m2\repository\org\jboss\spec\javax\transaction\jboss-transaction-api_1.2_spec\1.1.1.Final\jboss-transaction-api_1.2_spec-1.1.1.Final.jar;C:\Users\hsmur\.m2\repository\org\jboss\jandex\2.0.5.Final\jandex-2.0.5.Final.jar;C:\Users\hsmur\.m2\repository\org\dom4j\dom4j\2.1.1\dom4j-2.1.1.jar;C:\Users\hsmur\.m2\repository\org\hibernate\common\hibernate-commons-annotations\5.0.4.Final\hibernate-commons-annotations-5.0.4.Final.jar;C:\Users\hsmur\.m2\repository\org\jboss\logging\jboss-logging\3.3.2.Final\jboss-logging-3.3.2.Final.jar;C:\Users\hsmur\.m2\repository\org\mariadb\jdbc\mariadb-java-client\1.5.7\mariadb-java-client-1.5.7.jar;C:\Users\hsmur\.m2\repository\org\tynamo\tapestry-security\0.9.0\tapestry-security-0.9.0.jar;C:\Users\hsmur\.m2\repository\org\apache\shiro\shiro-web\1.7.1\shiro-web-1.7.1.jar;C:\Users\hsmur\.m2\repository\org\apache\shiro\shiro-core\1.7.1\shiro-core-1.7.1.jar;C:\Users\hsmur\.m2\repository\org\apache\shiro\shiro-lang\1.7.1\shiro-lang-1.7.1.jar;C:\Users\hsmur\.m2\repository\org\apache\shiro\shiro-cache\1.7.1\shiro-cache-1.7.1.jar;C:\Users\hsmur\.m2\repository\org\apache\shiro\shiro-crypto-hash\1.7.1\shiro-crypto-hash-1.7.1.jar;C:\Users\hsmur\.m2\repository\org\apache\shiro\shiro-crypto-core\1.7.1\shiro-crypto-core-1.7.1.jar;C:\Users\hsmur\.m2\repository\org\apache\shiro\shiro-crypto-cipher\1.7.1\shiro-crypto-cipher-1.7.1.jar;C:\Users\hsmur\.m2\repository\org\apache\shiro\shiro-config-core\1.7.1\shiro-config-core-1.7.1.jar;C:\Users\hsmur\.m2\repository\org\apache\shiro\shiro-config-ogdl\1.7.1\shiro-config-ogdl-1.7.1.jar;C:\Users\hsmur\.m2\repository\org\apache\shiro\shiro-event\1.7.1\shiro-event-1.7.1.jar;C:\Users\hsmur\.m2\repository\org\owasp\encoder\encoder\1.2.2\encoder-1.2.2.jar;C:\Users\hsmur\.m2\repository\org\apache\tapestry\commons\5.7.2\commons-5.7.2.jar;C:\Users\hsmur\.m2\repository\org\tynamo\tynamo-common\0.0.3\tynamo-common-0.0.3.jar;C:\Users\hsmur\.m2\repository\org\apache\tapestry\tapestry-test\5.7.3\tapestry-test-5.7.3.jar;C:\Users\hsmur\.m2\repository\org\apache\tapestry\tapestry-test-data\5.7.3\tapestry-test-data-5.7.3.jar;C:\Users\hsmur\.m2\repository\org\apache\tapestry\tapestry-runner\5.7.3\tapestry-runner-5.7.3.jar;C:\Users\hsmur\.m2\repository\org\apache\tapestry\tapestry-test-constants\5.7.3\tapestry-test-constants-5.7.3.jar;C:\Users\hsmur\.m2\repository\org\eclipse\jetty\jetty-server\9.4.14.v20181114\jetty-server-9.4.14.v20181114.jar;C:\Users\hsmur\.m2\repository\org\eclipse\jetty\jetty-http\9.4.14.v20181114\jetty-http-9.4.14.v20181114.jar;C:\Users\hsmur\.m2\repository\org\eclipse\jetty\jetty-io\9.4.14.v20181114\jetty-io-9.4.14.v20181114.jar;C:\Users\hsmur\.m2\repository\org\eclipse\jetty\jetty-jndi\9.4.14.v20181114\jetty-jndi-9.4.14.v20181114.jar;C:\Users\hsmur\.m2\repository\org\eclipse\jetty\jetty-util\9.4.14.v20181114\jetty-util-9.4.14.v20181114.jar;C:\Users\hsmur\.m2\repository\org\eclipse\jetty\jetty-plus\9.4.14.v20181114\jetty-plus-9.4.14.v20181114.jar;C:\Users\hsmur\.m2\repository\org\eclipse\jetty\jetty-webapp\9.4.14.v20181114\jetty-webapp-9.4.14.v20181114.jar;C:\Users\hsmur\.m2\repository\org\eclipse\jetty\jetty-xml\9.4.14.v20181114\jetty-xml-9.4.14.v20181114.jar;C:\Users\hsmur\.m2\repository\org\eclipse\jetty\jetty-servlet\9.4.14.v20181114\jetty-servlet-9.4.14.v20181114.jar;C:\Users\hsmur\.m2\repository\org\eclipse\jetty\jetty-security\9.4.14.v20181114\jetty-security-9.4.14.v20181114.jar;C:\Users\hsmur\.m2\repository\org\apache\tomcat\tomcat-catalina\7.0.70\tomcat-catalina-7.0.70.jar;C:\Users\hsmur\.m2\repository\org\apache\tomcat\tomcat-servlet-api\7.0.70\tomcat-servlet-api-7.0.70.jar;C:\Users\hsmur\.m2\repository\org\apache\tomcat\tomcat-juli\7.0.70\tomcat-juli-7.0.70.jar;C:\Users\hsmur\.m2\repository\org\apache\tomcat\tomcat-annotations-api\9.0.16\tomcat-annotations-api-9.0.16.jar;C:\Users\hsmur\.m2\repository\org\apache\tomcat\tomcat-api\7.0.70\tomcat-api-7.0.70.jar;C:\Users\hsmur\.m2\repository\org\apache\tomcat\tomcat-util\7.0.70\tomcat-util-7.0.70.jar;C:\Users\hsmur\.m2\repository\org\apache\tomcat\tomcat-coyote\7.0.70\tomcat-coyote-7.0.70.jar;C:\Users\hsmur\.m2\repository\org\apache\tomcat\tomcat-dbcp\7.0.70\tomcat-dbcp-7.0.70.jar;C:\Users\hsmur\.m2\repository\commons-cli\commons-cli\1.2\commons-cli-1.2.jar;C:\Users\hsmur\.m2\repository\org\apache\tomcat\tomcat-jasper\7.0.70\tomcat-jasper-7.0.70.jar;C:\Users\hsmur\.m2\repository\org\apache\tomcat\tomcat-jsp-api\9.0.16\tomcat-jsp-api-9.0.16.jar;C:\Users\hsmur\.m2\repository\org\apache\tomcat\tomcat-el-api\7.0.70\tomcat-el-api-7.0.70.jar;C:\Users\hsmur\.m2\repository\org\eclipse\jdt\core\compiler\ecj\4.4.2\ecj-4.4.2.jar;C:\Users\hsmur\.m2\repository\org\apache\tomcat\tomcat-jasper-el\7.0.70\tomcat-jasper-el-7.0.70.jar;C:\Users\hsmur\.m2\repository\io\github\bonigarcia\webdrivermanager\2.2.4\webdrivermanager-2.2.4.jar;C:\Users\hsmur\.m2\repository\org\apache\commons\commons-lang3\3.8.1\commons-lang3-3.8.1.jar;C:\Users\hsmur\.m2\repository\org\apache\httpcomponents\httpclient\4.5.7\httpclient-4.5.7.jar;C:\Users\hsmur\.m2\repository\org\rauschig\jarchivelib\0.8.0\jarchivelib-0.8.0.jar;C:\Users\hsmur\.m2\repository\org\apache\commons\commons-compress\1.14\commons-compress-1.14.jar;C:\Users\hsmur\.m2\repository\org\jsoup\jsoup\1.11.3\jsoup-1.11.3.jar;C:\Users\hsmur\.m2\repository\org\seleniumhq\selenium\selenium-leg-rc\3.141.59\selenium-leg-rc-3.141.59.jar;C:\Users\hsmur\.m2\repository\org\seleniumhq\selenium\selenium-chrome-driver\3.14.0\selenium-chrome-driver-3.14.0.jar;C:\Users\hsmur\.m2\repository\org\seleniumhq\selenium\selenium-edge-driver\3.14.0\selenium-edge-driver-3.14.0.jar;C:\Users\hsmur\.m2\repository\org\seleniumhq\selenium\selenium-firefox-driver\3.14.0\selenium-firefox-driver-3.14.0.jar;C:\Users\hsmur\.m2\repository\org\seleniumhq\selenium\selenium-ie-driver\3.14.0\selenium-ie-driver-3.14.0.jar;C:\Users\hsmur\.m2\repository\org\seleniumhq\selenium\selenium-opera-driver\3.14.0\selenium-opera-driver-3.14.0.jar;C:\Users\hsmur\.m2\repository\org\seleniumhq\selenium\selenium-safari-driver\3.14.0\selenium-safari-driver-3.14.0.jar;C:\Users\hsmur\.m2\repository\org\apache\ant\ant\1.9.9\ant-1.9.9.jar;C:\Users\hsmur\.m2\repository\org\apache\ant\ant-launcher\1.9.9\ant-launcher-1.9.9.jar;C:\Users\hsmur\.m2\repository\com\beust\jcommander\1.72\jcommander-1.72.jar;C:\Users\hsmur\.m2\repository\org\testng\testng\6.8.21\testng-6.8.21.jar;C:\Users\hsmur\.m2\repository\org\beanshell\bsh\2.0b4\bsh-2.0b4.jar;C:\Users\hsmur\.m2\repository\org\easymock\easymock\3.3.1\easymock-3.3.1.jar;C:\Users\hsmur\.m2\repository\cglib\cglib\3.1\cglib-3.1.jar;C:\Users\hsmur\.m2\repository\org\ow2\asm\asm\5.0.3\asm-5.0.3.jar;C:\Users\hsmur\.m2\repository\org\objenesis\objenesis\2.1\objenesis-2.1.jar;C:\Users\hsmur\.m2\repository\net\sourceforge\tapestrytestify\tapestry-testify\1.0.4\tapestry-testify-1.0.4.jar;C:\Users\hsmur\.m2\repository\org\testng\testng\5.8\testng-5.8-jdk15.jar;C:\Users\hsmur\.m2\repository\net\sourceforge\tapestryxpath\tapestry-xpath\1.0.1\tapestry-xpath-1.0.1.jar;C:\Users\hsmur\.m2\repository\jaxen\jaxen\1.1.6\jaxen-1.1.6.jar;C:\Users\hsmur\.m2\repository\org\spockframework\spock-core\1.3-RC1-groovy-2.5\spock-core-1.3-RC1-groovy-2.5.jar;C:\Users\hsmur\.m2\repository\org\codehaus\groovy\groovy\2.5.6\groovy-2.5.6.jar;C:\Users\hsmur\.m2\repository\org\codehaus\groovy\groovy-json\2.5.6\groovy-json-2.5.6.jar;C:\Users\hsmur\.m2\repository\org\codehaus\groovy\groovy-nio\2.5.6\groovy-nio-2.5.6.jar;C:\Users\hsmur\.m2\repository\org\codehaus\groovy\groovy-macro\2.5.6\groovy-macro-2.5.6.jar;C:\Users\hsmur\.m2\repository\org\codehaus\groovy\groovy-templates\2.5.6\groovy-templates-2.5.6.jar;C:\Users\hsmur\.m2\repository\org\codehaus\groovy\groovy-test\2.5.6\groovy-test-2.5.6.jar;C:\Users\hsmur\.m2\repository\org\codehaus\groovy\groovy-sql\2.5.6\groovy-sql-2.5.6.jar;C:\Users\hsmur\.m2\repository\org\codehaus\groovy\groovy-xml\2.5.6\groovy-xml-2.5.6.jar;C:\Users\hsmur\.m2\repository\junit\junit\4.12\junit-4.12.jar;C:\Users\hsmur\.m2\repository\org\spockframework\spock-spring\1.3-RC1-groovy-2.5\spock-spring-1.3-RC1-groovy-2.5.jar;C:\Users\hsmur\.m2\repository\org\springframework\boot\spring-boot-starter-test\2.1.3.RELEASE\spring-boot-starter-test-2.1.3.RELEASE.jar;C:\Users\hsmur\.m2\repository\org\springframework\boot\spring-boot-test\2.1.3.RELEASE\spring-boot-test-2.1.3.RELEASE.jar;C:\Users\hsmur\.m2\repository\org\springframework\boot\spring-boot-test-autoconfigure\2.1.3.RELEASE\spring-boot-test-autoconfigure-2.1.3.RELEASE.jar;C:\Users\hsmur\.m2\repository\com\jayway\jsonpath\json-path\2.4.0\json-path-2.4.0.jar;C:\Users\hsmur\.m2\repository\net\minidev\json-smart\2.3\json-smart-2.3.jar;C:\Users\hsmur\.m2\repository\net\minidev\accessors-smart\1.2\accessors-smart-1.2.jar;C:\Users\hsmur\.m2\repository\org\assertj\assertj-core\3.11.1\assertj-core-3.11.1.jar;C:\Users\hsmur\.m2\repository\org\mockito\mockito-core\2.23.4\mockito-core-2.23.4.jar;C:\Users\hsmur\.m2\repository\net\bytebuddy\byte-buddy-agent\1.9.10\byte-buddy-agent-1.9.10.jar;C:\Users\hsmur\.m2\repository\org\hamcrest\hamcrest-core\1.3\hamcrest-core-1.3.jar;C:\Users\hsmur\.m2\repository\org\hamcrest\hamcrest-library\1.3\hamcrest-library-1.3.jar;C:\Users\hsmur\.m2\repository\org\skyscreamer\jsonassert\1.5.0\jsonassert-1.5.0.jar;C:\Users\hsmur\.m2\repository\com\vaadin\external\google\android-json\0.0.20131108.vaadin1\android-json-0.0.20131108.vaadin1.jar;C:\Users\hsmur\.m2\repository\org\springframework\spring-test\5.1.5.RELEASE\spring-test-5.1.5.RELEASE.jar;C:\Users\hsmur\.m2\repository\org\xmlunit\xmlunit-core\2.6.2\xmlunit-core-2.6.2.jar;C:\Users\hsmur\.m2\repository\org\gebish\geb-spock\2.3.1\geb-spock-2.3.1.jar;C:\Users\hsmur\.m2\repository\org\codehaus\groovy\groovy-all\2.4.16\groovy-all-2.4.16.jar;C:\Users\hsmur\.m2\repository\org\gebish\geb-core\2.3.1\geb-core-2.3.1.jar;C:\Users\hsmur\.m2\repository\org\gebish\geb-ast\2.3.1\geb-ast-2.3.1.jar;C:\Users\hsmur\.m2\repository\org\gebish\geb-waiting\2.3.1\geb-waiting-2.3.1.jar;C:\Users\hsmur\.m2\repository\org\gebish\geb-implicit-assertions\2.3.1\geb-implicit-assertions-2.3.1.jar;C:\Users\hsmur\.m2\repository\org\gebish\geb-exceptions\2.3.1\geb-exceptions-2.3.1.jar;C:\Users\hsmur\.m2\repository\org\jodd\jodd-lagarto\3.7.1\jodd-lagarto-3.7.1.jar;C:\Users\hsmur\.m2\repository\org\jodd\jodd-core\3.7.1\jodd-core-3.7.1.jar;C:\Users\hsmur\.m2\repository\org\jodd\jodd-log\3.7.1\jodd-log-3.7.1.jar;C:\Users\hsmur\.m2\repository\org\threeten\threeten-extra\1.4\threeten-extra-1.4.jar;C:\Users\hsmur\.m2\repository\org\seleniumhq\selenium\selenium-support\3.141.59\selenium-support-3.141.59.jar;C:\Users\hsmur\.m2\repository\org\seleniumhq\selenium\selenium-api\3.14.0\selenium-api-3.14.0.jar;C:\Users\hsmur\.m2\repository\org\seleniumhq\selenium\selenium-remote-driver\3.14.0\selenium-remote-driver-3.14.0.jar;C:\Users\hsmur\.m2\repository\org\apache\httpcomponents\httpcore\4.4.11\httpcore-4.4.11.jar;C:\Users\hsmur\.m2\repository\net\bytebuddy\byte-buddy\1.9.10\byte-buddy-1.9.10.jar;C:\Users\hsmur\.m2\repository\org\apache\commons\commons-exec\1.3\commons-exec-1.3.jar;C:\Users\hsmur\.m2\repository\com\google\guava\guava\25.0-jre\guava-25.0-jre.jar;C:\Users\hsmur\.m2\repository\org\checkerframework\checker-compat-qual\2.0.0\checker-compat-qual-2.0.0.jar;C:\Users\hsmur\.m2\repository\com\google\j2objc\j2objc-annotations\1.1\j2objc-annotations-1.1.jar;C:\Users\hsmur\.m2\repository\org\codehaus\mojo\animal-sniffer-annotations\1.14\animal-sniffer-annotations-1.14.jar;C:\Users\hsmur\.m2\repository\com\squareup\okhttp3\okhttp\3.11.0\okhttp-3.11.0.jar;C:\Users\hsmur\.m2\repository\com\squareup\okio\okio\1.14.0\okio-1.14.0.jar;C:\Users\hsmur\.m2\repository\org\seleniumhq\selenium\htmlunit-driver\2.33.3\htmlunit-driver-2.33.3.jar;C:\Users\hsmur\.m2\repository\net\sourceforge\htmlunit\htmlunit\2.33\htmlunit-2.33.jar;C:\Users\hsmur\.m2\repository\xalan\xalan\2.7.2\xalan-2.7.2.jar;C:\Users\hsmur\.m2\repository\xalan\serializer\2.7.2\serializer-2.7.2.jar;C:\Users\hsmur\.m2\repository\org\apache\commons\commons-text\1.4\commons-text-1.4.jar;C:\Users\hsmur\.m2\repository\org\apache\httpcomponents\httpmime\4.5.7\httpmime-4.5.7.jar;C:\Users\hsmur\.m2\repository\net\sourceforge\htmlunit\htmlunit-core-js\2.33\htmlunit-core-js-2.33.jar;C:\Users\hsmur\.m2\repository\net\sourceforge\htmlunit\neko-htmlunit\2.33\neko-htmlunit-2.33.jar;C:\Users\hsmur\.m2\repository\xerces\xercesImpl\2.12.0\xercesImpl-2.12.0.jar;C:\Users\hsmur\.m2\repository\xml-apis\xml-apis\1.4.01\xml-apis-1.4.01.jar;C:\Users\hsmur\.m2\repository\net\sourceforge\htmlunit\htmlunit-cssparser\1.2.0\htmlunit-cssparser-1.2.0.jar;C:\Users\hsmur\.m2\repository\commons-net\commons-net\3.6\commons-net-3.6.jar;C:\Users\hsmur\.m2\repository\org\eclipse\jetty\websocket\websocket-client\9.4.14.v20181114\websocket-client-9.4.14.v20181114.jar;C:\Users\hsmur\.m2\repository\org\eclipse\jetty\jetty-client\9.4.14.v20181114\jetty-client-9.4.14.v20181114.jar;C:\Users\hsmur\.m2\repository\org\eclipse\jetty\websocket\websocket-common\9.4.14.v20181114\websocket-common-9.4.14.v20181114.jar;C:\Users\hsmur\.m2\repository\org\eclipse\jetty\websocket\websocket-api\9.4.14.v20181114\websocket-api-9.4.14.v20181114.jar;C:\Users\hsmur\.m2\repository\org\apache\logging\log4j\log4j-slf4j-impl\2.11.2\log4j-slf4j-impl-2.11.2.jar;C:\Users\hsmur\.m2\repository\org\slf4j\slf4j-api\1.7.25\slf4j-api-1.7.25.jar;C:\Users\hsmur\.m2\repository\org\apache\logging\log4j\log4j-api\2.11.2\log4j-api-2.11.2.jar;C:\Users\hsmur\.m2\repository\org\eclipse\yasson\1.0.1\yasson-1.0.1.jar;C:\Users\hsmur\.m2\repository\javax\json\bind\javax.json.bind-api\1.0\javax.json.bind-api-1.0.jar;C:\Users\hsmur\.m2\repository\javax\json\javax.json-api\1.1.4\javax.json-api-1.1.4.jar;C:\Users\hsmur\.m2\repository\javax\enterprise\cdi-api\2.0\cdi-api-2.0.jar;C:\Users\hsmur\.m2\repository\javax\el\javax.el-api\3.0.0\javax.el-api-3.0.0.jar;C:\Users\hsmur\.m2\repository\javax\interceptor\javax.interceptor-api\1.2\javax.interceptor-api-1.2.jar;C:\Users\hsmur\.m2\repository\org\glassfish\javax.json\1.1.2\javax.json-1.1.2.jar;C:\Users\hsmur\.m2\repository\com\fasterxml\jackson\core\jackson-databind\2.9.6\jackson-databind-2.9.6.jar;C:\Users\hsmur\.m2\repository\com\fasterxml\jackson\core\jackson-annotations\2.9.0\jackson-annotations-2.9.0.jar;C:\Users\hsmur\.m2\repository\com\fasterxml\jackson\core\jackson-core\2.9.8\jackson-core-2.9.8.jar;C:\Users\hsmur\.m2\repository\com\fasterxml\jackson\dataformat\jackson-dataformat-yaml\2.9.6\jackson-dataformat-yaml-2.9.6.jar;C:\Users\hsmur\.m2\repository\javax\servlet\javax.servlet-api\3.0.1\javax.servlet-api-3.0.1.jar;"/>
    <property name="sun.cpu.endian" value="little"/>
    <property name="user.home" value="C:\Users\hsmur"/>
    <property name="user.language" value="en"/>
    <property name="java.specification.vendor" value="Oracle Corporation"/>
    <property name="java.home" value="C:\Program Files\Java\jdk1.8.0_311\jre"/>
    <property name="basedir" value="E:\Projects\SDI\tpjad\Proiect\Ver1"/>
    <property name="file.separator" value="\"/>
    <property name="line.separator" value="&#10;"/>
    <property name="java.vm.specification.vendor" value="Oracle Corporation"/>
    <property name="java.specification.name" value="Java Platform API Specification"/>
    <property name="java.awt.graphicsenv" value="sun.awt.Win32GraphicsEnvironment"/>
    <property name="surefire.real.class.path" value="C:\Users\hsmur\AppData\Local\Temp\surefire3866317436436273294\surefirebooter2685318807043382764.jar"/>
    <property name="sun.boot.class.path" value="C:\Program Files\Java\jdk1.8.0_311\jre\lib\resources.jar;C:\Program Files\Java\jdk1.8.0_311\jre\lib\rt.jar;C:\Program Files\Java\jdk1.8.0_311\jre\lib\sunrsasign.jar;C:\Program Files\Java\jdk1.8.0_311\jre\lib\jsse.jar;C:\Program Files\Java\jdk1.8.0_311\jre\lib\jce.jar;C:\Program Files\Java\jdk1.8.0_311\jre\lib\charsets.jar;C:\Program Files\Java\jdk1.8.0_311\jre\lib\jfr.jar;C:\Program Files\Java\jdk1.8.0_311\jre\classes"/>
    <property name="user.script" value=""/>
    <property name="sun.management.compiler" value="HotSpot 64-Bit Tiered Compilers"/>
    <property name="java.runtime.version" value="1.8.0_311-b11"/>
    <property name="user.name" value="hsmur"/>
    <property name="path.separator" value=";"/>
    <property name="os.version" value="10.0"/>
    <property name="java.endorsed.dirs" value="C:\Program Files\Java\jdk1.8.0_311\jre\lib\endorsed"/>
    <property name="java.runtime.name" value="Java(TM) SE Runtime Environment"/>
    <property name="file.encoding" value="Cp1252"/>
    <property name="java.vm.name" value="Java HotSpot(TM) 64-Bit Server VM"/>
    <property name="localRepository" value="C:\Users\hsmur\.m2\repository"/>
    <property name="jetty.git.hash" value="c4550056e785fb5665914545889f21dc136ad9e6"/>
    <property name="java.vendor.url.bug" value="http://bugreport.sun.com/bugreport/"/>
    <property name="java.io.tmpdir" value="C:\Users\hsmur\AppData\Local\Temp\"/>
    <property name="java.version" value="1.8.0_311"/>
    <property name="user.dir" value="E:\Projects\SDI\tpjad\Proiect\Ver1"/>
    <property name="os.arch" value="amd64"/>
    <property name="webdriver.gecko.driver" value="C:\Users\hsmur\.m2\repository\webdriver\geckodriver\win64\0.30.0\geckodriver.exe"/>
    <property name="java.vm.specification.name" value="Java Virtual Machine Specification"/>
    <property name="java.awt.printerjob" value="sun.awt.windows.WPrinterJob"/>
    <property name="sun.os.patch.level" value=""/>
    <property name="java.library.path" value="C:\Program Files\Java\jdk1.8.0_311\jre\bin;C:\Windows\Sun\Java\bin;C:\Windows\system32;C:\Windows;C:\Program Files\Java\jdk1.8.0_311\bin;C:\Program Files (x86)\IVI Foundation\VISA\WinNT\Bin\;C:\Program Files\IVI Foundation\VISA\Win64\Bin\;C:\Gradle\gradle-6.8\bin;C:\Program Files (x86)\National Instruments\Shared\LabVIEW CLI;C:\Program Files (x86)\IVI Foundation\VISA\WinNT\Bin;C:\Program Files\Git\bin\;C:\Program Files\NVIDIA Corporation\NVIDIA NvDLISR;C:\Program Files\nodejs\;C:\Windows\System32;C:\Users\hsmur\AppData\Local\Programs\Python\Python39;C:\Users\hsmur\AppData\Local\Programs\Python\Python39\Scripts;E:\Projects\SDI\apache-maven-3.8.3\bin;C:\Users\hsmur\AppData\Local\Programs\Microsoft VS Code\bin;C:\Program Files (x86)\GitHub CLI\;C:\Users\hsmur\AppData\Roaming\npm;."/>
    <property name="java.vm.info" value="mixed mode"/>
    <property name="java.vendor" value="Oracle Corporation"/>
    <property name="java.vm.version" value="25.311-b11"/>
    <property name="java.ext.dirs" value="C:\Program Files\Java\jdk1.8.0_311\jre\lib\ext;C:\Windows\Sun\Java\lib\ext"/>
    <property name="sun.io.unicode.encoding" value="UnicodeLittle"/>
    <property name="java.class.version" value="52.0"/>
  </properties>
  <testcase name="signin" classname="org.tpjad.integration.AuthIntegrationTest" time="4.198">
    <failure message="TypeError: browsingContext.currentWindowGlobal is null&#10;Build info: version: &apos;3.14.0&apos;, revision: &apos;aacccce0&apos;, time: &apos;2018-08-02T20:19:58.91Z&apos;&#10;System info: host: &apos;DESKTOP-R0ISDS6&apos;, ip: &apos;192.168.100.31&apos;, os.name: &apos;Windows 10&apos;, os.arch: &apos;amd64&apos;, os.version: &apos;10.0&apos;, java.version: &apos;1.8.0_311&apos;&#10;Driver info: org.openqa.selenium.firefox.FirefoxDriver&#10;Capabilities {acceptInsecureCerts: true, browserName: firefox, browserVersion: 95.0.1, javascriptEnabled: true, moz:accessibilityChecks: false, moz:buildID: 20211215221728, moz:geckodriverVersion: 0.30.0, moz:headless: false, moz:processID: 21520, moz:profile: C:\Users\hsmur\AppData\Loca..., moz:shutdownTimeout: 60000, moz:useNonSpecCompliantPointerOrigin: false, moz:webdriverClick: true, pageLoadStrategy: normal, platform: WINDOWS, platformName: WINDOWS, platformVersion: 10.0, proxy: Proxy(), setWindowRect: true, strictFileInteractability: false, timeouts: {implicit: 0, pageLoad: 300000, script: 30000}, unhandledPromptBehavior: dismiss and notify}&#10;Session ID: d582d588-2085-4275-9e31-6fcee07c9c44&#10;*** Element info: {Using=id, value=username}" type="org.openqa.selenium.WebDriverException"><![CDATA[org.openqa.selenium.WebDriverException: 
TypeError: browsingContext.currentWindowGlobal is null
Build info: version: '3.14.0', revision: 'aacccce0', time: '2018-08-02T20:19:58.91Z'
System info: host: 'DESKTOP-R0ISDS6', ip: '192.168.100.31', os.name: 'Windows 10', os.arch: 'amd64', os.version: '10.0', java.version: '1.8.0_311'
Driver info: org.openqa.selenium.firefox.FirefoxDriver
Capabilities {acceptInsecureCerts: true, browserName: firefox, browserVersion: 95.0.1, javascriptEnabled: true, moz:accessibilityChecks: false, moz:buildID: 20211215221728, moz:geckodriverVersion: 0.30.0, moz:headless: false, moz:processID: 21520, moz:profile: C:\Users\hsmur\AppData\Loca..., moz:shutdownTimeout: 60000, moz:useNonSpecCompliantPointerOrigin: false, moz:webdriverClick: true, pageLoadStrategy: normal, platform: WINDOWS, platformName: WINDOWS, platformVersion: 10.0, proxy: Proxy(), setWindowRect: true, strictFileInteractability: false, timeouts: {implicit: 0, pageLoad: 300000, script: 30000}, unhandledPromptBehavior: dismiss and notify}
Session ID: d582d588-2085-4275-9e31-6fcee07c9c44
*** Element info: {Using=id, value=username}
	at org.tpjad.integration.AuthIntegrationTest.signin(AuthIntegrationTest.java:30)
]]></failure>
    <system-out><![CDATA[2022-01-25 23:06:50,018 [main                  ] INFO                    org.apache.tapestry5.test.SeleniumTestCase Starting SeleniumTestCase:
    currentDir: E:\Projects\SDI\tpjad\Proiect\Ver1
  webAppFolder: src/main/webapp
     container: jetty7
   contextPath: 
         ports: 9090 / 8443
  browserStart: *firefox
       baseURL: http://localhost:9090/
2022-01-25 23:06:50,061 [main                  ] INFO                                    org.eclipse.jetty.util.log Logging initialized @1630ms to org.eclipse.jetty.util.log.Slf4jLog
2022-01-25 23:06:50,219 [main                  ] WARN               org.eclipse.jetty.server.handler.ContextHandler Empty contextPath
2022-01-25 23:06:50,223 [main                  ] INFO                               org.eclipse.jetty.server.Server jetty-9.4.14.v20181114; built: 2018-11-14T21:20:31.478Z; git: c4550056e785fb5665914545889f21dc136ad9e6; jvm 1.8.0_311-b11
2022-01-25 23:06:50,421 [main                  ] INFO          org.eclipse.jetty.webapp.StandardDescriptorProcessor NO JSP Support for /, did not find org.eclipse.jetty.jsp.JettyJspServlet
2022-01-25 23:06:50,431 [main                  ] INFO                              org.eclipse.jetty.server.session DefaultSessionIdManager workerName=node0
2022-01-25 23:06:50,432 [main                  ] INFO                              org.eclipse.jetty.server.session No SessionScavenger set, using defaults
2022-01-25 23:06:50,433 [main                  ] INFO                              org.eclipse.jetty.server.session node0 Scavenging every 660000ms
2022-01-25 23:06:50,492 [main                  ] INFO               org.eclipse.jetty.server.handler.ContextHandler Started o.e.j.w.WebAppContext@3a3e4aff{/,file:///E:/Projects/SDI/tpjad/Proiect/Ver1/src/main/webapp/,AVAILABLE}{E:\Projects\SDI\tpjad\Proiect\Ver1\src\main\webapp}
2022-01-25 23:06:50,511 [main                  ] INFO                    org.eclipse.jetty.server.AbstractConnector Started ServerConnector@3b7ff809{HTTP/1.1,[http/1.1]}{0.0.0.0:9090}
2022-01-25 23:06:50,511 [main                  ] INFO                               org.eclipse.jetty.server.Server Started @2082ms
2022-01-25 23:06:51,460 [main                  ] INFO                     io.github.bonigarcia.wdm.WebDriverManager Reading https://api.github.com/repos/mozilla/geckodriver/releases to seek wires, geckodriver
2022-01-25 23:06:51,594 [main                  ] INFO                     io.github.bonigarcia.wdm.WebDriverManager Latest version of wires, geckodriver is 0.30.0
2022-01-25 23:06:51,616 [main                  ] INFO                           io.github.bonigarcia.wdm.Downloader Using binary driver previously downloaded
2022-01-25 23:06:51,617 [main                  ] INFO                     io.github.bonigarcia.wdm.WebDriverManager Exporting webdriver.gecko.driver as C:\Users\hsmur\.m2\repository\webdriver\geckodriver\win64\0.30.0\geckodriver.exe
2022-01-25 23:06:56,520 [main                  ] INFO                    org.apache.tapestry5.test.SeleniumTestCase Executing public void org.tpjad.integration.AuthIntegrationTest.signin()
]]></system-out>
    <system-err><![CDATA[Jan 25, 2022 11:06:51 PM org.openqa.selenium.remote.DesiredCapabilities firefox
INFO: Using `new FirefoxOptions()` is preferred to `DesiredCapabilities.firefox()`
1643144811851	geckodriver	INFO	Listening on 127.0.0.1:5601
1643144812585	mozrunner::runner	INFO	Running command: "C:\\Program Files\\Mozilla Firefox\\firefox.exe" "--marionette" "-no-remote" "-profile" "C:\\Users\\hsmur\\AppData\\Local\\Temp\\rust_mozprofilehp16J1"
1643144813056	Marionette	INFO	Marionette enabled
console.warn: SearchSettings: "get: No settings file exists, new profile?" (new NotFoundError("Could not open the file at C:\\Users\\hsmur\\AppData\\Local\\Temp\\rust_mozprofilehp16J1\\search.json.mozlz4", (void 0)))
1643144816219	Marionette	INFO	Listening on port 59287
1643144816276	RemoteAgent	WARN	TLS certificate errors will be ignored for this session
Jan 25, 2022 11:06:56 PM org.openqa.selenium.remote.ProtocolHandshake createSession
INFO: Detected dialect: W3C
1643144820636	Marionette	INFO	Stopped listening on port 59287
Marionette threw an error: TypeError: browsingContext.currentWindowGlobal is null
getMarionetteCommandsActorProxy/get/<@chrome://remote/content/marionette/actors/MarionetteCommandsParent.jsm:326:29

console.warn: TopSitesFeed: Failed to fetch data from Contile server: NetworkError when attempting to fetch resource.
JavaScript error: chrome://remote/content/marionette/cert.js, line 55: NS_ERROR_NOT_AVAILABLE: Component returned failure code: 0x80040111 (NS_ERROR_NOT_AVAILABLE) [nsICertOverrideService.setDisableAllSecurityChecksAndLetAttackersInterceptMyData]
]]></system-err>
  </testcase>
</testsuite>