<?xml version="1.0" encoding="UTF-8"?>
<!-- Generated by org.testng.reporters.JUnitReportReporter -->
<testsuite hostname="DESKTOP-R0ISDS6" name="org.tpjad.integration.AuthIntegrationTest" tests="2" failures="0" timestamp="26 Jan 2022 12:16:06 GMT" time="4.200" errors="0">
  <testcase name="logout" time="2.100" classname="org.tpjad.integration.AuthIntegrationTest"/>
  <testcase name="signin" time="2.100" classname="org.tpjad.integration.AuthIntegrationTest"/>
</testsuite> <!-- org.tpjad.integration.AuthIntegrationTest -->
