<?xml version="1.0" encoding="UTF-8"?>
<!-- Generated by org.testng.reporters.JUnitReportReporter -->
<testsuite hostname="DESKTOP-R0ISDS6" name="org.tpjad.integration.BookIntegrationTest" tests="1" failures="0" timestamp="26 Jan 2022 12:16:06 GMT" time="3.238" errors="0">
  <testcase name="addBook" time="3.238" classname="org.tpjad.integration.BookIntegrationTest"/>
</testsuite> <!-- org.tpjad.integration.BookIntegrationTest -->
